<?xml version="1.0" encoding="UTF-8"?>
<!-- Generated by org.testng.reporters.JUnitXMLReporter -->
<testsuite ignored="3" hostname="rt-130" failures="0" tests="1" name="Exception Tests" time="0.001" errors="0" timestamp="2023-04-23T22:01:10 EEST">
  <testcase classname="com.example.BubbleSortTestNG" name="testNullArrayThrowsException" time="0.001"/>
  <testcase classname="com.example.BubbleSortTestNG" name="testAlreadySortedArray" time="0.0">
    <ignored/>
  </testcase> <!-- testAlreadySortedArray -->
  <testcase classname="com.example.BubbleSortTestNG" name="testReverseSortedArray" time="0.0">
    <ignored/>
  </testcase> <!-- testReverseSortedArray -->
  <testcase classname="com.example.BubbleSortTestNG" name="testBubbleSort" time="0.0">
    <ignored/>
  </testcase> <!-- testBubbleSort -->
</testsuite> <!-- Exception Tests -->
