<?xml version="1.0" encoding="UTF-8"?>
<testsuite xmlns:xsi="http://www.w3.org/2001/XMLSchema-instance" xsi:noNamespaceSchemaLocation="https://maven.apache.org/surefire/maven-surefire-plugin/xsd/surefire-test-report-3.0.xsd" version="3.0" name="TestSuite" time="0.296" tests="14" errors="0" skipped="0" failures="0">
  <properties>
[...]
</properties>
  <testcase name="testAlreadySortedArray" classname="com.example.BubbleSortTestNG" time="0.003">
    <system-out><![CDATA[...
... TestNG 7.4.0 by Cédric Beust (cedric@beust.com)
...

]]></system-out>
  </testcase>
  <testcase name="testAlreadySortedArray" classname="com.example.BubbleSortTestNG" time="0"/>
  <testcase name="testBubbleSort[[I@3c22fc4c, [I@460d0a57](1)" classname="com.example.BubbleSortTestNG" time="0.003">
    <system-out><![CDATA[Before sorting:
3 2 1 
Sorted:
1 2 3 
]]></system-out>
  </testcase>
  <testcase name="testBubbleSort[[I@36c88a32, [I@7880cdf3](2)" classname="com.example.BubbleSortTestNG" time="0.001">
    <system-out><![CDATA[Before sorting:

Sorted:

]]></system-out>
  </testcase>
  <testcase name="testBubbleSort[[I@1c93084c, [I@6ef888f6](3)" classname="com.example.BubbleSortTestNG" time="0.001">
    <system-out><![CDATA[Before sorting:
5 
Sorted:
5 
]]></system-out>
  </testcase>
  <testcase name="testBubbleSort[[I@7ce3cb8e, [I@78b66d36](4)" classname="com.example.BubbleSortTestNG" time="0.003">
    <system-out><![CDATA[Before sorting:
4 4 4 4 
Sorted:
4 4 4 4 
]]></system-out>
  </testcase>
  <testcase name="testReverseSortedArray" classname="com.example.BubbleSortTestNG" time="0"/>
  <testcase name="testReverseSortedArray" classname="com.example.BubbleSortTestNG" time="0"/>
  <testcase name="testNullArrayThrowsException" classname="com.example.BubbleSortTestNG" time="0"/>
  <testcase name="testNullArrayThrowsException" classname="com.example.BubbleSortTestNG" time="0"/>
  <testcase name="testBubbleSort[[I@101d47fb, [I@1422d120](1)" classname="com.example.BubbleSortTestNG" time="0.001">
    <system-out><![CDATA[Before sorting:
3 2 1 
Sorted:
1 2 3 
]]></system-out>
  </testcase>
  <testcase name="testBubbleSort[[I@1ae3658e, [I@60bbdbb6](2)" classname="com.example.BubbleSortTestNG" time="0.001">
    <system-out><![CDATA[Before sorting:

Sorted:

]]></system-out>
  </testcase>
  <testcase name="testBubbleSort[[I@310fb28f, [I@30c16e35](3)" classname="com.example.BubbleSortTestNG" time="0">
    <system-out><![CDATA[Before sorting:
5 
Sorted:
5 
]]></system-out>
  </testcase>
  <testcase name="testBubbleSort[[I@7996a14e, [I@3541ef39](4)" classname="com.example.BubbleSortTestNG" time="0.001">
    <system-out><![CDATA[Before sorting:
4 4 4 4 
Sorted:
4 4 4 4 
]]></system-out>
  </testcase>
</testsuite>