<?xml version="1.0" encoding="UTF-8"?>
<testsuite xmlns:xsi="http://www.w3.org/2001/XMLSchema-instance" xsi:noNamespaceSchemaLocation="https://maven.apache.org/surefire/maven-surefire-plugin/xsd/surefire-test-report-3.0.xsd" version="3.0" name="com.example.CombinedTest" time="0.309" tests="6" errors="0" skipped="0" failures="0">
  <properties>
[...]
</properties>
  <testcase name="testProcessArray" classname="com.example.CombinedTest" time="0.255"/>
  <testcase name="testPartialMockObject" classname="com.example.CombinedTest" time="0.016"/>
  <testcase name="testSwapperThrowsException" classname="com.example.CombinedTest" time="0.001"/>
  <testcase name="testNullArrayThrowsException" classname="com.example.CombinedTest" time="0.001"/>
  <testcase name="testNoSwapping" classname="com.example.CombinedTest" time="0"/>
  <testcase name="testNormalSwapping" classname="com.example.CombinedTest" time="0.001"/>
</testsuite>