<?xml version="1.0" encoding="UTF-8"?>
<!-- Generated by org.testng.reporters.JUnitXMLReporter -->
<testsuite ignored="0" hostname="rt-130" failures="0" tests="7" name="BubbleSort Tests" time="0.004" errors="0" timestamp="2023-04-23T22:01:10 EEST">
  <testcase classname="com.example.BubbleSortTestNG" name="testAlreadySortedArray" time="0.0"/>
  <testcase classname="com.example.BubbleSortTestNG" name="testBubbleSort" time="0.0"/>
  <testcase classname="com.example.BubbleSortTestNG" name="testNullArrayThrowsException" time="0.0"/>
  <testcase classname="com.example.BubbleSortTestNG" name="testBubbleSort" time="0.001"/>
  <testcase classname="com.example.BubbleSortTestNG" name="testBubbleSort" time="0.0"/>
  <testcase classname="com.example.BubbleSortTestNG" name="testReverseSortedArray" time="0.0"/>
  <testcase classname="com.example.BubbleSortTestNG" name="testBubbleSort" time="0.0"/>
</testsuite> <!-- BubbleSort Tests -->
